<?xml version="1.0" encoding="UTF-8"?>
<testExecutions version="1">
  <file path="C:\Users\Maria.Dias.HOMLABNOT001235\Documents\Unirio\PM\Equipamento\src\tests\unit\models\Totem.test.ts">
    <testCase name="Lock Model lock attribution should be ok" duration="6"/>
  </file>
  <file path="C:\Users\Maria.Dias.HOMLABNOT001235\Documents\Unirio\PM\Equipamento\src\tests\unit\models\Bike.test.ts">
    <testCase name="Bike Model bike attribution should be ok" duration="6"/>
  </file>
  <file path="C:\Users\Maria.Dias.HOMLABNOT001235\Documents\Unirio\PM\Equipamento\src\tests\unit\models\Lock.test.ts">
    <testCase name="Lock Model lock attribution should be ok" duration="3"/>
  </file>
  <file path="C:\Users\Maria.Dias.HOMLABNOT001235\Documents\Unirio\PM\Equipamento\src\tests\app.test.ts">
    <testCase name="Get Endpoints Should be able to get" duration="41"/>
  </file>
</testExecutions>