<?xml version="1.0" encoding="UTF-8"?>
<testExecutions version="1">
  <file path="C:\Users\Maria.Dias.HOMLABNOT001235\Documents\Unirio\PM\Equipamento\src\tests\unit\models\Lock.test.ts">
    <testCase name="Lock Model lock attribution should be ok" duration="18"/>
  </file>
  <file path="C:\Users\Maria.Dias.HOMLABNOT001235\Documents\Unirio\PM\Equipamento\src\tests\unit\models\Totem.test.ts">
    <testCase name="Totem Model totem attribution should be ok" duration="5"/>
  </file>
  <file path="C:\Users\Maria.Dias.HOMLABNOT001235\Documents\Unirio\PM\Equipamento\src\tests\unit\models\Bike.test.ts">
    <testCase name="Bike Model bike attribution should be ok" duration="4"/>
  </file>
  <file path="C:\Users\Maria.Dias.HOMLABNOT001235\Documents\Unirio\PM\Equipamento\src\tests\unit\services\bike.service.test.ts">
    <testCase name="Bike service should get all bikes" duration="3"/>
    <testCase name="Bike service should get a bike" duration="2"/>
    <testCase name="Bike service should return -1 if didnt find a bike by get" duration="1"/>
    <testCase name="Bike service should create a bike" duration="2"/>
    <testCase name="Bike service should delete a bike" duration="3"/>
    <testCase name="Bike service should return -1 if didnt find a bike by delete" duration="1"/>
    <testCase name="Bike service should update a bike" duration="1"/>
    <testCase name="Bike service should update a bike status" duration="1"/>
    <testCase name="Bike service should return -1 if didnt find a bike by update" duration="1"/>
    <testCase name="Bike service should return -1 if didnt find a bike by update bike status" duration="1"/>
  </file>
  <file path="C:\Users\Maria.Dias.HOMLABNOT001235\Documents\Unirio\PM\Equipamento\src\tests\unit\services\lock.service.test.ts">
    <testCase name="Lock service should get all locks" duration="3"/>
    <testCase name="Lock service should get a lock" duration="2"/>
    <testCase name="Lock service should return -1 if didnt find a lock by get" duration="1"/>
    <testCase name="Lock service should create a lock" duration="1"/>
    <testCase name="Lock service should delete a lock" duration="1"/>
    <testCase name="Lock service should return -1 if didnt find a lock by delete" duration="0"/>
    <testCase name="Lock service should update a lock" duration="1"/>
    <testCase name="Lock service should update a lock status" duration="1"/>
    <testCase name="Lock service should return -1 if didnt find a lock by update" duration="0"/>
    <testCase name="Lock service should return -1 if didnt find a lock by update lock status" duration="0"/>
  </file>
  <file path="C:\Users\Maria.Dias.HOMLABNOT001235\Documents\Unirio\PM\Equipamento\src\tests\app.test.ts">
    <testCase name="Get Endpoints Should be able to get" duration="30"/>
  </file>
</testExecutions>