<?xml version="1.0" encoding="UTF-8"?>
<testExecutions version="1">
  <file path="C:\Users\Maria.Dias.HOMLABNOT001235\Documents\Unirio\PM\Equipamento\src\tests\unit\models\Bike.test.ts">
    <testCase name="Bike Model bike attribution should be ok" duration="8"/>
  </file>
  <file path="C:\Users\Maria.Dias.HOMLABNOT001235\Documents\Unirio\PM\Equipamento\src\tests\unit\models\Totem.test.ts">
    <testCase name="Totem Model totem attribution should be ok" duration="6"/>
  </file>
  <file path="C:\Users\Maria.Dias.HOMLABNOT001235\Documents\Unirio\PM\Equipamento\src\tests\unit\models\Lock.test.ts">
    <testCase name="Lock Model lock attribution should be ok" duration="5"/>
  </file>
  <file path="C:\Users\Maria.Dias.HOMLABNOT001235\Documents\Unirio\PM\Equipamento\src\tests\unit\services\bike.service.test.ts">
    <testCase name="Bike service should get all bikes" duration="3"/>
    <testCase name="Bike service should get a bike" duration="1"/>
    <testCase name="Bike service should return -1 if didnt find a bike by get" duration="0"/>
    <testCase name="Bike service should create a bike" duration="1"/>
    <testCase name="Bike service should delete a bike" duration="0"/>
    <testCase name="Bike service should return -1 if didnt find a bike by delete" duration="0"/>
    <testCase name="Bike service should update a bike" duration="1"/>
    <testCase name="Bike service should update a bike status" duration="1"/>
    <testCase name="Bike service should return -1 if didnt find a bike by update" duration="0"/>
    <testCase name="Bike service should return -1 if didnt find a bike by update bike status" duration="1"/>
  </file>
  <file path="C:\Users\Maria.Dias.HOMLABNOT001235\Documents\Unirio\PM\Equipamento\src\tests\app.test.ts">
    <testCase name="Get Endpoints Should be able to get" duration="31"/>
  </file>
</testExecutions>